<?xml version="1.0" encoding="UTF-8"?>
<testng-results ignored="0" total="2" passed="2" failed="0" skipped="0">
  <reporter-output>
  </reporter-output>
  <suite started-at="2021-12-21T14:19:15 IST" name="Default suite" finished-at="2021-12-21T14:29:40 IST" duration-ms="625323">
    <groups>
    </groups>
    <test started-at="2021-12-21T14:19:15 IST" name="Default test" finished-at="2021-12-21T14:29:40 IST" duration-ms="625323">
      <class name="com.testcases.LoginPageTest">
        <test-method is-config="true" signature="extentReportSetup()[pri:0, instance:com.testcases.LoginPageTest@4f2b503c]" started-at="2021-12-21T14:19:15 IST" name="extentReportSetup" finished-at="2021-12-21T14:19:17 IST" duration-ms="2225" status="PASS">
          <reporter-output>
          </reporter-output>
        </test-method> <!-- extentReportSetup -->
        <test-method is-config="true" signature="browserSetUp()[pri:0, instance:com.testcases.LoginPageTest@4f2b503c]" started-at="2021-12-21T14:19:17 IST" name="browserSetUp" finished-at="2021-12-21T14:24:28 IST" duration-ms="311195" status="PASS">
          <reporter-output>
          </reporter-output>
        </test-method> <!-- browserSetUp -->
        <test-method signature="validateLoginTest()[pri:0, instance:com.testcases.LoginPageTest@4f2b503c]" started-at="2021-12-21T14:24:28 IST" name="validateLoginTest" finished-at="2021-12-21T14:28:13 IST" duration-ms="224455" status="PASS">
          <reporter-output>
          </reporter-output>
        </test-method> <!-- validateLoginTest -->
        <test-method is-config="true" signature="closeSetUp()[pri:0, instance:com.testcases.LoginPageTest@4f2b503c]" started-at="2021-12-21T14:28:14 IST" name="closeSetUp" finished-at="2021-12-21T14:28:42 IST" duration-ms="27940" status="PASS">
          <reporter-output>
          </reporter-output>
        </test-method> <!-- closeSetUp -->
        <test-method is-config="true" signature="browserSetUp()[pri:0, instance:com.testcases.LoginPageTest@4f2b503c]" started-at="2021-12-21T14:28:42 IST" name="browserSetUp" finished-at="2021-12-21T14:29:38 IST" duration-ms="56356" status="PASS">
          <reporter-output>
          </reporter-output>
        </test-method> <!-- browserSetUp -->
        <test-method signature="validateTitleTest()[pri:0, instance:com.testcases.LoginPageTest@4f2b503c]" started-at="2021-12-21T14:29:38 IST" name="validateTitleTest" finished-at="2021-12-21T14:29:39 IST" duration-ms="1016" status="PASS">
          <reporter-output>
          </reporter-output>
        </test-method> <!-- validateTitleTest -->
        <test-method is-config="true" signature="closeSetUp()[pri:0, instance:com.testcases.LoginPageTest@4f2b503c]" started-at="2021-12-21T14:29:39 IST" name="closeSetUp" finished-at="2021-12-21T14:29:40 IST" duration-ms="812" status="PASS">
          <reporter-output>
          </reporter-output>
        </test-method> <!-- closeSetUp -->
        <test-method is-config="true" signature="generateReport()[pri:0, instance:com.testcases.LoginPageTest@4f2b503c]" started-at="2021-12-21T14:29:42 IST" name="generateReport" finished-at="2021-12-21T14:29:46 IST" duration-ms="4785" status="PASS">
          <reporter-output>
          </reporter-output>
        </test-method> <!-- generateReport -->
      </class> <!-- com.testcases.LoginPageTest -->
    </test> <!-- Default test -->
  </suite> <!-- Default suite -->
</testng-results>
