<?xml version="1.0" encoding="UTF-8"?>
<testng-results ignored="2" total="3" passed="1" failed="0" skipped="0">
  <reporter-output>
  </reporter-output>
  <suite started-at="2021-12-21T16:29:39 IST" name="Default suite" finished-at="2021-12-21T16:29:50 IST" duration-ms="11091">
    <groups>
    </groups>
    <test started-at="2021-12-21T16:29:39 IST" name="Default test" finished-at="2021-12-21T16:29:50 IST" duration-ms="11091">
      <class name="com.testcases.LoginPageTest">
        <test-method is-config="true" signature="extentReportSetup()[pri:0, instance:com.testcases.LoginPageTest@1c93084c]" started-at="2021-12-21T16:29:39 IST" name="extentReportSetup" finished-at="2021-12-21T16:29:40 IST" duration-ms="997" status="PASS">
          <reporter-output>
          </reporter-output>
        </test-method> <!-- extentReportSetup -->
        <test-method is-config="true" signature="browserSetUp()[pri:0, instance:com.testcases.LoginPageTest@1c93084c]" started-at="2021-12-21T16:29:40 IST" name="browserSetUp" finished-at="2021-12-21T16:29:49 IST" duration-ms="9139" status="PASS">
          <reporter-output>
          </reporter-output>
        </test-method> <!-- browserSetUp -->
        <test-method signature="validateTitleTest()[pri:0, instance:com.testcases.LoginPageTest@1c93084c]" started-at="2021-12-21T16:29:49 IST" name="validateTitleTest" finished-at="2021-12-21T16:29:50 IST" duration-ms="618" status="PASS">
          <reporter-output>
          </reporter-output>
        </test-method> <!-- validateTitleTest -->
        <test-method is-config="true" signature="closeSetUp()[pri:0, instance:com.testcases.LoginPageTest@1c93084c]" started-at="2021-12-21T16:29:50 IST" name="closeSetUp" finished-at="2021-12-21T16:29:50 IST" duration-ms="258" status="PASS">
          <reporter-output>
          </reporter-output>
        </test-method> <!-- closeSetUp -->
        <test-method is-config="true" signature="generateReport()[pri:0, instance:com.testcases.LoginPageTest@1c93084c]" started-at="2021-12-21T16:29:55 IST" name="generateReport" finished-at="2021-12-21T16:29:57 IST" duration-ms="1736" status="PASS">
          <reporter-output>
          </reporter-output>
        </test-method> <!-- generateReport -->
      </class> <!-- com.testcases.LoginPageTest -->
    </test> <!-- Default test -->
  </suite> <!-- Default suite -->
</testng-results>
