<?xml version="1.0" encoding="UTF-8"?>
<testng-results ignored="0" total="2" passed="2" failed="0" skipped="0">
  <reporter-output>
  </reporter-output>
  <suite started-at="2021-12-20T14:11:10 IST" name="Default suite" finished-at="2021-12-20T14:12:33 IST" duration-ms="82901">
    <groups>
    </groups>
    <test started-at="2021-12-20T14:11:10 IST" name="Default test" finished-at="2021-12-20T14:12:33 IST" duration-ms="82901">
      <class name="com.testcases.LoginPageTest">
        <test-method is-config="true" signature="browserSetUp()[pri:0, instance:com.testcases.LoginPageTest@7a419da4]" started-at="2021-12-20T14:11:10 IST" name="browserSetUp" finished-at="2021-12-20T14:12:02 IST" duration-ms="52202" status="PASS">
          <reporter-output>
          </reporter-output>
        </test-method> <!-- browserSetUp -->
        <test-method signature="validateLoginTest()[pri:0, instance:com.testcases.LoginPageTest@7a419da4]" started-at="2021-12-20T14:12:02 IST" name="validateLoginTest" finished-at="2021-12-20T14:12:08 IST" duration-ms="6364" status="PASS">
          <reporter-output>
          </reporter-output>
        </test-method> <!-- validateLoginTest -->
        <test-method is-config="true" signature="closeSetUp()[pri:0, instance:com.testcases.LoginPageTest@7a419da4]" started-at="2021-12-20T14:12:08 IST" name="closeSetUp" finished-at="2021-12-20T14:12:13 IST" duration-ms="4340" status="PASS">
          <reporter-output>
          </reporter-output>
        </test-method> <!-- closeSetUp -->
        <test-method is-config="true" signature="browserSetUp()[pri:0, instance:com.testcases.LoginPageTest@7a419da4]" started-at="2021-12-20T14:12:13 IST" name="browserSetUp" finished-at="2021-12-20T14:12:32 IST" duration-ms="19104" status="PASS">
          <reporter-output>
          </reporter-output>
        </test-method> <!-- browserSetUp -->
        <test-method signature="validateTitleTest()[pri:0, instance:com.testcases.LoginPageTest@7a419da4]" started-at="2021-12-20T14:12:32 IST" name="validateTitleTest" finished-at="2021-12-20T14:12:32 IST" duration-ms="61" status="PASS">
          <reporter-output>
          </reporter-output>
        </test-method> <!-- validateTitleTest -->
        <test-method is-config="true" signature="closeSetUp()[pri:0, instance:com.testcases.LoginPageTest@7a419da4]" started-at="2021-12-20T14:12:32 IST" name="closeSetUp" finished-at="2021-12-20T14:12:33 IST" duration-ms="730" status="PASS">
          <reporter-output>
          </reporter-output>
        </test-method> <!-- closeSetUp -->
      </class> <!-- com.testcases.LoginPageTest -->
    </test> <!-- Default test -->
  </suite> <!-- Default suite -->
</testng-results>
