<?xml version="1.0" encoding="UTF-8"?>
<!-- Generated by org.testng.reporters.JUnitXMLReporter -->
<testsuite ignored="0" hostname="DESKTOP-N0JQPGA" failures="0" tests="3" name="API Test" time="0.061" errors="0" timestamp="2021-12-17T15:40:17 IST">
  <testcase classname="TestNGDemo.TestNGAnnotations" name="validateTitleTest" time="0.026"/>
  <testcase classname="TestNGDemo.TestNGAnnotations" name="LoginTest" time="0.003"/>
  <testcase classname="TestNGDemo.TestNGAnnotations" name="HomePageTest" time="0.001"/>
</testsuite> <!-- API Test -->
