<?xml version="1.0" encoding="UTF-8"?>
<!-- Generated by org.testng.reporters.JUnitXMLReporter -->
<testsuite ignored="0" hostname="DESKTOP-N0JQPGA" failures="0" tests="3" name="Default test" time="29.037" errors="0" timestamp="2021-12-21T18:24:36 IST">
  <testcase classname="com.testcases.LoginPageTest" name="validateLoginTest" time="6.09"/>
  <testcase classname="com.testcases.LoginPageTest" name="validateLoginUserRole" time="0.0">
    <skipped/>
  </testcase> <!-- validateLoginUserRole -->
  <testcase classname="com.testcases.LoginPageTest" name="validateTitleTest" time="0.785"/>
</testsuite> <!-- Default test -->
